<?xml version="1.0" encoding="UTF-8"?>
<testsuite xmlns:xsi="http://www.w3.org/2001/XMLSchema-instance" xsi:noNamespaceSchemaLocation="https://maven.apache.org/surefire/maven-surefire-plugin/xsd/surefire-test-report.xsd" name="TestSuite" time="155.297" tests="8" errors="0" skipped="0" failures="0">
  <properties>
[...]
</properties>
  <testcase name="testPageTitle" classname="PageTest.HomePageTest" time="0.113"/>
  <testcase name="testPageCart" classname="PageTest.HomePageTest" time="0.909"/>
  <testcase name="testHomePageSearch" classname="PageTest.HomePageTest" time="5.43"/>
  <testcase name="testsearchEnterKeyIsWorkingOrNot" classname="PageTest.SearchPageTest" time="5.45"/>
  <testcase name="testPageWishlist" classname="PageTest.HomePageTest" time="0.04"/>
  <testcase name="testPageNewArrival" classname="PageTest.HomePageTest" time="0.038"/>
  <testcase name="testsearchBoxIsDisplayOrNot" classname="PageTest.SearchPageTest" time="0.073"/>
  <testcase name="testsearchIconClickIsWorkingOrNot" classname="PageTest.SearchPageTest" time="6.478"/>
</testsuite>