<?xml version="1.0" encoding="UTF-8"?>
<!-- Generated by org.testng.reporters.JUnitXMLReporter -->
<testsuite hostname="DESKTOP-URUOEJB" ignored="4" name="Cross Browser Test in chrome" tests="4" failures="0" timestamp="2021-06-06T16:07:11 IST" time="65.449" errors="0">
  <testcase name="testPageTitle" time="0.108" classname="PageTest.HomePageTest"/>
  <testcase name="testPageCart" time="0.909" classname="PageTest.HomePageTest"/>
  <testcase name="testHomePageSearch" time="5.43" classname="PageTest.HomePageTest"/>
  <testcase name="testsearchEnterKeyIsWorkingOrNot" time="5.451" classname="PageTest.SearchPageTest"/>
  <testcase name="testsearchBoxIsDisplayOrNot" time="0.0" classname="PageTest.SearchPageTest">
    <ignored/>
  </testcase> <!-- testsearchBoxIsDisplayOrNot -->
  <testcase name="testsearchIconClickIsWorkingOrNot" time="0.0" classname="PageTest.SearchPageTest">
    <ignored/>
  </testcase> <!-- testsearchIconClickIsWorkingOrNot -->
  <testcase name="testPageNewArrival" time="0.0" classname="PageTest.HomePageTest">
    <ignored/>
  </testcase> <!-- testPageNewArrival -->
  <testcase name="testPageWishlist" time="0.0" classname="PageTest.HomePageTest">
    <ignored/>
  </testcase> <!-- testPageWishlist -->
</testsuite> <!-- Cross Browser Test in chrome -->
