<?xml version="1.0" encoding="UTF-8"?>
<!-- Generated by org.testng.reporters.JUnitXMLReporter -->
<testsuite hostname="DESKTOP-URUOEJB" ignored="4" name="Cross Browser Test in firefox" tests="4" failures="0" timestamp="2021-06-06T16:08:39 IST" time="88.045" errors="0">
  <testcase name="testPageWishlist" time="0.039" classname="PageTest.HomePageTest"/>
  <testcase name="testPageNewArrival" time="0.038" classname="PageTest.HomePageTest"/>
  <testcase name="testsearchBoxIsDisplayOrNot" time="0.073" classname="PageTest.SearchPageTest"/>
  <testcase name="testsearchIconClickIsWorkingOrNot" time="6.478" classname="PageTest.SearchPageTest"/>
  <testcase name="testHomePageSearch" time="0.0" classname="PageTest.HomePageTest">
    <ignored/>
  </testcase> <!-- testHomePageSearch -->
  <testcase name="testPageCart" time="0.0" classname="PageTest.HomePageTest">
    <ignored/>
  </testcase> <!-- testPageCart -->
  <testcase name="testsearchEnterKeyIsWorkingOrNot" time="0.0" classname="PageTest.SearchPageTest">
    <ignored/>
  </testcase> <!-- testsearchEnterKeyIsWorkingOrNot -->
  <testcase name="testPageTitle" time="0.0" classname="PageTest.HomePageTest">
    <ignored/>
  </testcase> <!-- testPageTitle -->
</testsuite> <!-- Cross Browser Test in firefox -->
